<?xml version="1.0" encoding="UTF-8"?>
<!-- Generated by org.testng.reporters.JUnitXMLReporter -->
<testsuite hostname="LAPTOP-V26TDURT" ignored="0" name="CialfoNewversion" tests="1" failures="1" timestamp="28 Apr 2017 16:33:18 GMT" time="19.063" errors="0">
  <testcase name="addingBatch" time="18.973" classname="TestCialfoNew.BatchTest">
    <failure type="java.lang.NullPointerException">
      <![CDATA[java.lang.NullPointerException
	at Pages.LoginForm.enterEmailId(LoginForm.java:29)
	at TestCialfoNew.BatchTest.addingBatch(BatchTest.java:21)
... Removed 25 stack frames]]>
    </failure>
  </testcase> <!-- addingBatch -->
</testsuite> <!-- CialfoNewversion -->
