<?xml version="1.0" encoding="UTF-8"?>
<testng-results skipped="0" failed="0" total="1" passed="1">
  <reporter-output>
  </reporter-output>
  <suite name="Default suite" duration-ms="7652" started-at="2017-02-12T04:47:05Z" finished-at="2017-02-12T04:47:13Z">
    <groups>
    </groups>
    <test name="Default test" duration-ms="7652" started-at="2017-02-12T04:47:05Z" finished-at="2017-02-12T04:47:13Z">
      <class name="LearningSelenium.ReadandaddToExcelsheet">
        <test-method status="PASS" signature="rrrr()[pri:0, instance:LearningSelenium.ReadandaddToExcelsheet@6767c1fc]" name="rrrr" duration-ms="7630" started-at="2017-02-12T10:17:05Z" finished-at="2017-02-12T10:17:13Z">
          <reporter-output>
          </reporter-output>
        </test-method> <!-- rrrr -->
      </class> <!-- LearningSelenium.ReadandaddToExcelsheet -->
    </test> <!-- Default test -->
  </suite> <!-- Default suite -->
</testng-results>
